<?xml version="1.0" encoding="UTF-8"?>
<!-- Generated by org.testng.reporters.JUnitReportReporter -->
<testsuite hostname="LMCTag008" failures="0" tests="1" name="com.Moving.Running" time="9.625" errors="0" timestamp="2022-03-24T03:48:41 PDT" skipped="0">
  <testcase classname="com.Moving.Running" name="Moving" time="9.625"/>
  <system-out/>
</testsuite> <!-- com.Moving.Running -->
